0 info it worked if it ends with ok
1 verbose cli [ 'node', '/Users/Ghislain/.nvm/v0.10.36/bin/npm', 'publish' ]
2 info using npm@2.5.0
3 info using node@v0.10.36
4 verbose publish [ '.' ]
5 silly cache add args [ '.', null ]
6 verbose cache add spec .
7 silly cache add parsed spec { raw: '.',
7 silly cache add   scope: null,
7 silly cache add   name: null,
7 silly cache add   rawSpec: '.',
7 silly cache add   spec: '/Users/Ghislain/src/Hairfie/fluxible-plugin-google-maps',
7 silly cache add   type: 'directory' }
8 verbose addLocalDirectory /Users/Ghislain/.npm/fluxible-plugin-google-maps/0.1.0/package.tgz not in flight; packing
9 verbose tar pack [ '/Users/Ghislain/.npm/fluxible-plugin-google-maps/0.1.0/package.tgz',
9 verbose tar pack   '/Users/Ghislain/src/Hairfie/fluxible-plugin-google-maps' ]
10 verbose tarball /Users/Ghislain/.npm/fluxible-plugin-google-maps/0.1.0/package.tgz
11 verbose folder /Users/Ghislain/src/Hairfie/fluxible-plugin-google-maps
12 info prepublish fluxible-plugin-google-maps@0.1.0
13 verbose addLocalTarball adding from inside cache /Users/Ghislain/.npm/fluxible-plugin-google-maps/0.1.0/package.tgz
14 silly cache afterAdd fluxible-plugin-google-maps@0.1.0
15 verbose afterAdd /Users/Ghislain/.npm/fluxible-plugin-google-maps/0.1.0/package/package.json not in flight; writing
16 verbose afterAdd /Users/Ghislain/.npm/fluxible-plugin-google-maps/0.1.0/package/package.json written
17 silly publish { name: 'fluxible-plugin-google-maps',
17 silly publish   version: '0.1.0',
17 silly publish   description: 'Integrate the Google Maps Script in your fluxible application',
17 silly publish   main: 'index.js',
17 silly publish   scripts: {},
17 silly publish   repository:
17 silly publish    { type: 'git',
17 silly publish      url: 'git@github.com:Hairfie/fluxible-google-maps-plugin.git' },
17 silly publish   keywords: [ 'fluxible', 'google', 'maps' ],
17 silly publish   author: { name: 'Ghislain de Juvigny', email: 'gdjuvigny@gmail.com' },
17 silly publish   contributors: [ { name: 'Antoine Hérault', email: 'antoine.herault@gmail.com' } ],
17 silly publish   license: 'MIT',
17 silly publish   bugs: { url: 'https://github.com/Hairfie/fluxible-plugin-google-maps/issues' },
17 silly publish   homepage: 'https://github.com/Hairfie/fluxible-plugin-google-maps',
17 silly publish   dependencies: { debug: '^2.1.3', 'es6-promise': '^2.1.1' },
17 silly publish   readme: 'Google Maps Script with Fluxible\n==========================\n\nPlug & play google maps script for your fluxible application !\n\nFeatures\n--------\n\n * Works with webpack / browserify\n * Loads Google Maps script asynchronously (thanks to es6 Promises)\n * Comes with a "do whatever you want" (MIT) license\n * Doesn\'t load script on server side\n\nInstall\n-------\n\nAdd the module to your fluxible project :\n\n    npm install --save fluxible-plugin-google-maps\n\nAdd it to your fluxible context :\n\n```javascript\n\nimport googleMapsPlugin from \'fluxible-plugin-google-maps\';\n\napp.plug(googleMapsPlugin());\n\n```\n\nUsage\n-----\n\nAdd `getGoogleMapsScript` to the react\'s context :\n\n```\n\nApplication = provideContext(Application, {\n\n    // ...\n\n    getGoogleMapsScript: React.PropTypes.func\n\n});\n\n```\n\nFrom a component :\n\n```javascript\n\nclass FooComponent {\n\n    static contextTypes = {\n        getGoogleMapsScript: React.PropTypes.func\n    };\n\n    // ...\n\n    plop() {\n        this.context.getGoogleMapsScript().then(google => /* do whatever */);\n    }\n\n}\n\n```\n',
17 silly publish   readmeFilename: 'README.md',
17 silly publish   gitHead: '2ad37b13ec096d0d9401a9e9ce44d6f602ddd980',
17 silly publish   _id: 'fluxible-plugin-google-maps@0.1.0',
17 silly publish   _shasum: 'db08e40e362b6e9cad64e233dc3b03b420998fa4',
17 silly publish   _from: '.' }
18 silly mapToRegistry name fluxible-plugin-google-maps
19 silly mapToRegistry using default registry
20 silly mapToRegistry registry https://registry.npmjs.org/
21 silly mapToRegistry uri https://registry.npmjs.org/fluxible-plugin-google-maps
22 verbose publish registryBase https://registry.npmjs.org/
23 silly publish uploading /Users/Ghislain/.npm/fluxible-plugin-google-maps/0.1.0/package.tgz
24 verbose request uri https://registry.npmjs.org/fluxible-plugin-google-maps
25 verbose request sending authorization for write operation
26 info attempt registry request try #1 at 11:31:14
27 verbose request using bearer token for auth
28 verbose request id 0718a6bfb698634b
29 http request PUT https://registry.npmjs.org/fluxible-plugin-google-maps
30 http 403 https://registry.npmjs.org/fluxible-plugin-google-maps
31 verbose headers { 'content-type': 'application/json',
31 verbose headers   'cache-control': 'max-age=60',
31 verbose headers   'content-length': '95',
31 verbose headers   'accept-ranges': 'bytes',
31 verbose headers   date: 'Thu, 30 Apr 2015 09:31:11 GMT',
31 verbose headers   via: '1.1 varnish',
31 verbose headers   connection: 'keep-alive',
31 verbose headers   'x-served-by': 'cache-lcy1122-LCY',
31 verbose headers   'x-cache': 'MISS',
31 verbose headers   'x-cache-hits': '0',
31 verbose headers   'x-timer': 'S1430386271.276393,VS0,VE637' }
32 verbose request invalidating /Users/Ghislain/.npm/registry.npmjs.org/fluxible-plugin-google-maps on PUT
33 error publish Failed PUT 403
34 verbose stack Error: "You cannot publish over the previously published version 0.1.0." : fluxible-plugin-google-maps
34 verbose stack     at CachingRegistryClient.<anonymous> (/Users/Ghislain/.nvm/v0.10.36/lib/node_modules/npm/node_modules/npm-registry-client/lib/request.js:254:14)
34 verbose stack     at Request._callback (/Users/Ghislain/.nvm/v0.10.36/lib/node_modules/npm/node_modules/npm-registry-client/lib/request.js:178:14)
34 verbose stack     at Request.self.callback (/Users/Ghislain/.nvm/v0.10.36/lib/node_modules/npm/node_modules/request/request.js:373:22)
34 verbose stack     at Request.emit (events.js:98:17)
34 verbose stack     at Request.<anonymous> (/Users/Ghislain/.nvm/v0.10.36/lib/node_modules/npm/node_modules/request/request.js:1318:14)
34 verbose stack     at Request.emit (events.js:117:20)
34 verbose stack     at IncomingMessage.<anonymous> (/Users/Ghislain/.nvm/v0.10.36/lib/node_modules/npm/node_modules/request/request.js:1266:12)
34 verbose stack     at IncomingMessage.emit (events.js:117:20)
34 verbose stack     at _stream_readable.js:944:16
34 verbose stack     at process._tickCallback (node.js:442:13)
35 verbose statusCode 403
36 verbose pkgid fluxible-plugin-google-maps
37 verbose cwd /Users/Ghislain/src/Hairfie/fluxible-plugin-google-maps
38 error Darwin 14.3.0
39 error argv "node" "/Users/Ghislain/.nvm/v0.10.36/bin/npm" "publish"
40 error node v0.10.36
41 error npm  v2.5.0
42 error code E403
43 error "You cannot publish over the previously published version 0.1.0." : fluxible-plugin-google-maps
44 error If you need help, you may report this error at:
44 error     <http://github.com/npm/npm/issues>
45 verbose exit [ 1, true ]
